2023-01-24 18:03:14 0 [Note] InnoDB: Mutexes and rw_locks use Windows interlocked functions
2023-01-24 18:03:14 0 [Note] InnoDB: Uses event mutexes
2023-01-24 18:03:14 0 [Note] InnoDB: Compressed tables use zlib 1.2.12
2023-01-24 18:03:14 0 [Note] InnoDB: Number of pools: 1
2023-01-24 18:03:14 0 [Note] InnoDB: Using SSE2 crc32 instructions
2023-01-24 18:03:14 0 [Note] InnoDB: Initializing buffer pool, total size = 16M, instances = 1, chunk size = 16M
2023-01-24 18:03:14 0 [Note] InnoDB: Completed initialization of buffer pool
2023-01-24 18:03:14 0 [Note] InnoDB: Starting crash recovery from checkpoint LSN=300288
2023-01-24 18:03:14 0 [Note] InnoDB: 128 out of 128 rollback segments are active.
2023-01-24 18:03:14 0 [Note] InnoDB: Removed temporary tablespace data file: "ibtmp1"
2023-01-24 18:03:14 0 [Note] InnoDB: Creating shared tablespace for temporary tables
2023-01-24 18:03:14 0 [Note] InnoDB: Setting file 'C:\xampp\mysql\data\ibtmp1' size to 12 MB. Physically writing the file full; Please wait ...
2023-01-24 18:03:14 0 [Note] InnoDB: File 'C:\xampp\mysql\data\ibtmp1' size is now 12 MB.
2023-01-24 18:03:14 0 [Note] InnoDB: Waiting for purge to start
2023-01-24 18:03:14 0 [Note] InnoDB: 10.4.27 started; log sequence number 300297; transaction id 170
2023-01-24 18:03:14 0 [Note] InnoDB: Loading buffer pool(s) from C:\xampp\mysql\data\ib_buffer_pool
2023-01-24 18:03:14 0 [Note] Plugin 'FEEDBACK' is disabled.
2023-01-24 18:03:14 0 [Note] Server socket created on IP: '::'.
2023-01-24 18:03:14 0 [ERROR] Can't start server: Bind on TCP/IP port. Got error: 10048: Solo se permite un uso de cada dirección de socket (protocolo/dirección de red/puerto)

2023-01-24 18:03:14 0 [ERROR] Do you already have another mysqld server running on port: 3306 ?
2023-01-24 18:03:14 0 [Note] InnoDB: Buffer pool(s) load completed at 230124 18:03:14
2023-01-24 18:03:14 0 [ERROR] Aborting
2023-01-24 18:03:21 0 [Note] InnoDB: Mutexes and rw_locks use Windows interlocked functions
2023-01-24 18:03:21 0 [Note] InnoDB: Uses event mutexes
2023-01-24 18:03:21 0 [Note] InnoDB: Compressed tables use zlib 1.2.12
2023-01-24 18:03:21 0 [Note] InnoDB: Number of pools: 1
2023-01-24 18:03:21 0 [Note] InnoDB: Using SSE2 crc32 instructions
2023-01-24 18:03:21 0 [Note] InnoDB: Initializing buffer pool, total size = 16M, instances = 1, chunk size = 16M
2023-01-24 18:03:21 0 [Note] InnoDB: Completed initialization of buffer pool
2023-01-24 18:03:21 0 [Note] InnoDB: 128 out of 128 rollback segments are active.
2023-01-24 18:03:21 0 [Note] InnoDB: Creating shared tablespace for temporary tables
2023-01-24 18:03:21 0 [Note] InnoDB: Setting file 'C:\xampp\mysql\data\ibtmp1' size to 12 MB. Physically writing the file full; Please wait ...
2023-01-24 18:03:21 0 [Note] InnoDB: File 'C:\xampp\mysql\data\ibtmp1' size is now 12 MB.
2023-01-24 18:03:21 0 [Note] InnoDB: Waiting for purge to start
2023-01-24 18:03:21 0 [Note] InnoDB: 10.4.27 started; log sequence number 300306; transaction id 170
2023-01-24 18:03:21 0 [Note] InnoDB: Loading buffer pool(s) from C:\xampp\mysql\data\ib_buffer_pool
2023-01-24 18:03:21 0 [Note] Plugin 'FEEDBACK' is disabled.
2023-01-24 18:03:21 0 [Note] Server socket created on IP: '::'.
2023-01-24 18:03:21 0 [ERROR] Can't start server: Bind on TCP/IP port. Got error: 10048: Solo se permite un uso de cada dirección de socket (protocolo/dirección de red/puerto)

2023-01-24 18:03:21 0 [Note] InnoDB: Buffer pool(s) load completed at 230124 18:03:21
2023-01-24 18:03:21 0 [ERROR] Do you already have another mysqld server running on port: 3306 ?
2023-01-24 18:03:21 0 [ERROR] Aborting
2023-01-24 18:03:54 0 [Note] InnoDB: Mutexes and rw_locks use Windows interlocked functions
2023-01-24 18:03:54 0 [Note] InnoDB: Uses event mutexes
2023-01-24 18:03:54 0 [Note] InnoDB: Compressed tables use zlib 1.2.12
2023-01-24 18:03:54 0 [Note] InnoDB: Number of pools: 1
2023-01-24 18:03:54 0 [Note] InnoDB: Using SSE2 crc32 instructions
2023-01-24 18:03:54 0 [Note] InnoDB: Initializing buffer pool, total size = 16M, instances = 1, chunk size = 16M
2023-01-24 18:03:54 0 [Note] InnoDB: Completed initialization of buffer pool
2023-01-24 18:03:54 0 [Note] InnoDB: 128 out of 128 rollback segments are active.
2023-01-24 18:03:54 0 [Note] InnoDB: Creating shared tablespace for temporary tables
2023-01-24 18:03:54 0 [Note] InnoDB: Setting file 'C:\xampp\mysql\data\ibtmp1' size to 12 MB. Physically writing the file full; Please wait ...
2023-01-24 18:03:54 0 [Note] InnoDB: File 'C:\xampp\mysql\data\ibtmp1' size is now 12 MB.
2023-01-24 18:03:54 0 [Note] InnoDB: Waiting for purge to start
2023-01-24 18:03:55 0 [Note] InnoDB: 10.4.27 started; log sequence number 300315; transaction id 170
2023-01-24 18:03:55 0 [Note] InnoDB: Loading buffer pool(s) from C:\xampp\mysql\data\ib_buffer_pool
2023-01-24 18:03:55 0 [Note] Plugin 'FEEDBACK' is disabled.
2023-01-24 18:03:55 0 [Note] Server socket created on IP: '::'.
2023-01-24 18:09:27 0 [Note] InnoDB: Mutexes and rw_locks use Windows interlocked functions
2023-01-24 18:09:27 0 [Note] InnoDB: Uses event mutexes
2023-01-24 18:09:27 0 [Note] InnoDB: Compressed tables use zlib 1.2.12
2023-01-24 18:09:27 0 [Note] InnoDB: Number of pools: 1
2023-01-24 18:09:27 0 [Note] InnoDB: Using SSE2 crc32 instructions
2023-01-24 18:09:27 0 [Note] InnoDB: Initializing buffer pool, total size = 16M, instances = 1, chunk size = 16M
2023-01-24 18:09:27 0 [Note] InnoDB: Completed initialization of buffer pool
2023-01-24 18:09:27 0 [Note] InnoDB: Starting crash recovery from checkpoint LSN=300315
2023-01-24 18:09:27 0 [Note] InnoDB: 128 out of 128 rollback segments are active.
2023-01-24 18:09:27 0 [Note] InnoDB: Removed temporary tablespace data file: "ibtmp1"
2023-01-24 18:09:27 0 [Note] InnoDB: Creating shared tablespace for temporary tables
2023-01-24 18:09:27 0 [Note] InnoDB: Setting file 'C:\xampp\mysql\data\ibtmp1' size to 12 MB. Physically writing the file full; Please wait ...
2023-01-24 18:09:27 0 [Note] InnoDB: File 'C:\xampp\mysql\data\ibtmp1' size is now 12 MB.
2023-01-24 18:09:27 0 [Note] InnoDB: Waiting for purge to start
2023-01-24 18:09:27 0 [Note] InnoDB: 10.4.27 started; log sequence number 300324; transaction id 170
2023-01-24 18:09:27 0 [Note] InnoDB: Loading buffer pool(s) from C:\xampp\mysql\data\ib_buffer_pool
2023-01-24 18:09:27 0 [Note] Plugin 'FEEDBACK' is disabled.
2023-01-24 18:09:27 0 [Note] Server socket created on IP: '::'.
2023-01-24 19:18:26 0 [Note] InnoDB: Mutexes and rw_locks use Windows interlocked functions
2023-01-24 19:18:26 0 [Note] InnoDB: Uses event mutexes
2023-01-24 19:18:26 0 [Note] InnoDB: Compressed tables use zlib 1.2.12
2023-01-24 19:18:26 0 [Note] InnoDB: Number of pools: 1
2023-01-24 19:18:26 0 [Note] InnoDB: Using SSE2 crc32 instructions
2023-01-24 19:18:26 0 [Note] InnoDB: Initializing buffer pool, total size = 16M, instances = 1, chunk size = 16M
2023-01-24 19:18:26 0 [Note] InnoDB: Completed initialization of buffer pool
2023-01-24 19:18:26 0 [Note] InnoDB: Starting crash recovery from checkpoint LSN=300333
2023-01-24 19:18:26 0 [Note] InnoDB: 128 out of 128 rollback segments are active.
2023-01-24 19:18:26 0 [Note] InnoDB: Removed temporary tablespace data file: "ibtmp1"
2023-01-24 19:18:26 0 [Note] InnoDB: Creating shared tablespace for temporary tables
2023-01-24 19:18:26 0 [Note] InnoDB: Setting file 'C:\xampp\mysql\data\ibtmp1' size to 12 MB. Physically writing the file full; Please wait ...
2023-01-24 19:18:26 0 [Note] InnoDB: File 'C:\xampp\mysql\data\ibtmp1' size is now 12 MB.
2023-01-24 19:18:26 0 [Note] InnoDB: Waiting for purge to start
2023-01-24 19:18:26 0 [Note] InnoDB: 10.4.27 started; log sequence number 300342; transaction id 170
2023-01-24 19:18:26 0 [Note] InnoDB: Loading buffer pool(s) from C:\xampp\mysql\data\ib_buffer_pool
2023-01-24 19:18:26 0 [Note] Plugin 'FEEDBACK' is disabled.
2023-01-24 19:18:26 0 [Note] InnoDB: Buffer pool(s) load completed at 230124 19:18:26
2023-01-24 19:18:26 0 [Note] Server socket created on IP: '::'.
2023-01-24 19:19:31 0 [Note] InnoDB: Mutexes and rw_locks use Windows interlocked functions
2023-01-24 19:19:31 0 [Note] InnoDB: Uses event mutexes
2023-01-24 19:19:31 0 [Note] InnoDB: Compressed tables use zlib 1.2.12
2023-01-24 19:19:31 0 [Note] InnoDB: Number of pools: 1
2023-01-24 19:19:31 0 [Note] InnoDB: Using SSE2 crc32 instructions
2023-01-24 19:19:31 0 [Note] InnoDB: Initializing buffer pool, total size = 16M, instances = 1, chunk size = 16M
2023-01-24 19:19:31 0 [Note] InnoDB: Completed initialization of buffer pool
2023-01-24 19:19:31 0 [Note] InnoDB: Starting crash recovery from checkpoint LSN=300351
2023-01-24 19:19:31 0 [Note] InnoDB: 128 out of 128 rollback segments are active.
2023-01-24 19:19:31 0 [Note] InnoDB: Removed temporary tablespace data file: "ibtmp1"
2023-01-24 19:19:31 0 [Note] InnoDB: Creating shared tablespace for temporary tables
2023-01-24 19:19:31 0 [Note] InnoDB: Setting file 'C:\xampp\mysql\data\ibtmp1' size to 12 MB. Physically writing the file full; Please wait ...
2023-01-24 19:19:31 0 [Note] InnoDB: File 'C:\xampp\mysql\data\ibtmp1' size is now 12 MB.
2023-01-24 19:19:31 0 [Note] InnoDB: 10.4.27 started; log sequence number 300360; transaction id 170
2023-01-24 19:19:31 0 [Note] InnoDB: Loading buffer pool(s) from C:\xampp\mysql\data\ib_buffer_pool
2023-01-24 19:19:31 0 [Note] Plugin 'FEEDBACK' is disabled.
2023-01-24 19:19:31 0 [Note] Server socket created on IP: '::'.
2023-01-25  9:57:33 0 [Note] InnoDB: Mutexes and rw_locks use Windows interlocked functions
2023-01-25  9:57:33 0 [Note] InnoDB: Uses event mutexes
2023-01-25  9:57:33 0 [Note] InnoDB: Compressed tables use zlib 1.2.12
2023-01-25  9:57:33 0 [Note] InnoDB: Number of pools: 1
2023-01-25  9:57:33 0 [Note] InnoDB: Using SSE2 crc32 instructions
2023-01-25  9:57:33 0 [Note] InnoDB: Initializing buffer pool, total size = 16M, instances = 1, chunk size = 16M
2023-01-25  9:57:33 0 [Note] InnoDB: Completed initialization of buffer pool
2023-01-25  9:57:33 0 [Note] InnoDB: Starting crash recovery from checkpoint LSN=308570
2023-01-25  9:57:33 0 [Note] InnoDB: 128 out of 128 rollback segments are active.
2023-01-25  9:57:33 0 [Note] InnoDB: Removed temporary tablespace data file: "ibtmp1"
2023-01-25  9:57:33 0 [Note] InnoDB: Creating shared tablespace for temporary tables
2023-01-25  9:57:33 0 [Note] InnoDB: Setting file 'C:\xampp\mysql\data\ibtmp1' size to 12 MB. Physically writing the file full; Please wait ...
2023-01-25  9:57:33 0 [Note] InnoDB: File 'C:\xampp\mysql\data\ibtmp1' size is now 12 MB.
2023-01-25  9:57:33 0 [Note] InnoDB: Waiting for purge to start
2023-01-25  9:57:33 0 [Note] InnoDB: 10.4.27 started; log sequence number 308579; transaction id 192
2023-01-25  9:57:33 0 [Note] InnoDB: Loading buffer pool(s) from C:\xampp\mysql\data\ib_buffer_pool
2023-01-25  9:57:33 0 [Note] Plugin 'FEEDBACK' is disabled.
2023-01-25  9:57:33 0 [Note] Server socket created on IP: '::'.
2023-01-25  9:57:33 0 [ERROR] Can't start server: Bind on TCP/IP port. Got error: 10048: Solo se permite un uso de cada dirección de socket (protocolo/dirección de red/puerto)

2023-01-25  9:57:33 0 [Note] InnoDB: Buffer pool(s) load completed at 230125  9:57:33
2023-01-25  9:57:33 0 [ERROR] Do you already have another mysqld server running on port: 3306 ?
2023-01-25  9:57:33 0 [ERROR] Aborting
2023-01-25  9:57:47 0 [Note] InnoDB: Mutexes and rw_locks use Windows interlocked functions
2023-01-25  9:57:47 0 [Note] InnoDB: Uses event mutexes
2023-01-25  9:57:47 0 [Note] InnoDB: Compressed tables use zlib 1.2.12
2023-01-25  9:57:47 0 [Note] InnoDB: Number of pools: 1
2023-01-25  9:57:47 0 [Note] InnoDB: Using SSE2 crc32 instructions
2023-01-25  9:57:47 0 [Note] InnoDB: Initializing buffer pool, total size = 16M, instances = 1, chunk size = 16M
2023-01-25  9:57:47 0 [Note] InnoDB: Completed initialization of buffer pool
2023-01-25  9:57:48 0 [Note] InnoDB: 128 out of 128 rollback segments are active.
2023-01-25  9:57:48 0 [Note] InnoDB: Creating shared tablespace for temporary tables
2023-01-25  9:57:48 0 [Note] InnoDB: Setting file 'C:\xampp\mysql\data\ibtmp1' size to 12 MB. Physically writing the file full; Please wait ...
2023-01-25  9:57:48 0 [Note] InnoDB: File 'C:\xampp\mysql\data\ibtmp1' size is now 12 MB.
2023-01-25  9:57:48 0 [Note] InnoDB: Waiting for purge to start
2023-01-25  9:57:48 0 [Note] InnoDB: 10.4.27 started; log sequence number 308588; transaction id 192
2023-01-25  9:57:48 0 [Note] InnoDB: Loading buffer pool(s) from C:\xampp\mysql\data\ib_buffer_pool
2023-01-25  9:57:48 0 [Note] Plugin 'FEEDBACK' is disabled.
2023-01-25  9:57:48 0 [Note] Server socket created on IP: '::'.
2023-01-25  9:57:48 0 [ERROR] Can't start server: Bind on TCP/IP port. Got error: 10048: Solo se permite un uso de cada dirección de socket (protocolo/dirección de red/puerto)

2023-01-25  9:57:48 0 [Note] InnoDB: Buffer pool(s) load completed at 230125  9:57:48
2023-01-25  9:57:48 0 [ERROR] Do you already have another mysqld server running on port: 3306 ?
2023-01-25  9:57:48 0 [ERROR] Aborting
2023-01-25 10:14:51 0 [Note] InnoDB: Mutexes and rw_locks use Windows interlocked functions
2023-01-25 10:14:51 0 [Note] InnoDB: Uses event mutexes
2023-01-25 10:14:51 0 [Note] InnoDB: Compressed tables use zlib 1.2.12
2023-01-25 10:14:51 0 [Note] InnoDB: Number of pools: 1
2023-01-25 10:14:51 0 [Note] InnoDB: Using SSE2 crc32 instructions
2023-01-25 10:14:51 0 [Note] InnoDB: Initializing buffer pool, total size = 16M, instances = 1, chunk size = 16M
2023-01-25 10:14:51 0 [Note] InnoDB: Completed initialization of buffer pool
2023-01-25 10:14:51 0 [Note] InnoDB: 128 out of 128 rollback segments are active.
2023-01-25 10:14:51 0 [Note] InnoDB: Creating shared tablespace for temporary tables
2023-01-25 10:14:51 0 [Note] InnoDB: Setting file 'C:\xampp\mysql\data\ibtmp1' size to 12 MB. Physically writing the file full; Please wait ...
2023-01-25 10:14:51 0 [Note] InnoDB: File 'C:\xampp\mysql\data\ibtmp1' size is now 12 MB.
2023-01-25 10:14:51 0 [Note] InnoDB: Waiting for purge to start
2023-01-25 10:14:51 0 [Note] InnoDB: 10.4.27 started; log sequence number 308597; transaction id 192
2023-01-25 10:14:51 0 [Note] InnoDB: Loading buffer pool(s) from C:\xampp\mysql\data\ib_buffer_pool
2023-01-25 10:14:51 0 [Note] Plugin 'FEEDBACK' is disabled.
2023-01-25 10:14:51 0 [Note] Server socket created on IP: '::'.
2023-01-25 10:14:51 0 [ERROR] Can't start server: Bind on TCP/IP port. Got error: 10048: Solo se permite un uso de cada dirección de socket (protocolo/dirección de red/puerto)

2023-01-25 10:14:51 0 [ERROR] Do you already have another mysqld server running on port: 3306 ?
2023-01-25 10:14:51 0 [ERROR] Aborting
2023-01-25 10:14:51 0 [Note] InnoDB: Buffer pool(s) load completed at 230125 10:14:51
2023-01-25 10:14:57 0 [Note] InnoDB: Mutexes and rw_locks use Windows interlocked functions
2023-01-25 10:14:57 0 [Note] InnoDB: Uses event mutexes
2023-01-25 10:14:57 0 [Note] InnoDB: Compressed tables use zlib 1.2.12
2023-01-25 10:14:57 0 [Note] InnoDB: Number of pools: 1
2023-01-25 10:14:57 0 [Note] InnoDB: Using SSE2 crc32 instructions
2023-01-25 10:14:57 0 [Note] InnoDB: Initializing buffer pool, total size = 16M, instances = 1, chunk size = 16M
2023-01-25 10:14:57 0 [Note] InnoDB: Completed initialization of buffer pool
2023-01-25 10:14:57 0 [Note] InnoDB: 128 out of 128 rollback segments are active.
2023-01-25 10:14:57 0 [Note] InnoDB: Creating shared tablespace for temporary tables
2023-01-25 10:14:57 0 [Note] InnoDB: Setting file 'C:\xampp\mysql\data\ibtmp1' size to 12 MB. Physically writing the file full; Please wait ...
2023-01-25 10:14:57 0 [Note] InnoDB: File 'C:\xampp\mysql\data\ibtmp1' size is now 12 MB.
2023-01-25 10:14:57 0 [Note] InnoDB: Waiting for purge to start
2023-01-25 10:14:58 0 [Note] InnoDB: 10.4.27 started; log sequence number 308606; transaction id 192
2023-01-25 10:14:58 0 [Note] InnoDB: Loading buffer pool(s) from C:\xampp\mysql\data\ib_buffer_pool
2023-01-25 10:14:58 0 [Note] Plugin 'FEEDBACK' is disabled.
2023-01-25 10:14:58 0 [Note] Server socket created on IP: '::'.
2023-01-25 10:14:58 0 [ERROR] Can't start server: Bind on TCP/IP port. Got error: 10048: Solo se permite un uso de cada dirección de socket (protocolo/dirección de red/puerto)

2023-01-25 10:14:58 0 [ERROR] Do you already have another mysqld server running on port: 3306 ?
2023-01-25 10:14:58 0 [Note] InnoDB: Buffer pool(s) load completed at 230125 10:14:58
2023-01-25 10:14:58 0 [ERROR] Aborting
2023-01-25 10:15:39 0 [Note] InnoDB: Mutexes and rw_locks use Windows interlocked functions
2023-01-25 10:15:39 0 [Note] InnoDB: Uses event mutexes
2023-01-25 10:15:39 0 [Note] InnoDB: Compressed tables use zlib 1.2.12
2023-01-25 10:15:39 0 [Note] InnoDB: Number of pools: 1
2023-01-25 10:15:39 0 [Note] InnoDB: Using SSE2 crc32 instructions
2023-01-25 10:15:39 0 [Note] InnoDB: Initializing buffer pool, total size = 16M, instances = 1, chunk size = 16M
2023-01-25 10:15:39 0 [Note] InnoDB: Completed initialization of buffer pool
2023-01-25 10:15:39 0 [Note] InnoDB: 128 out of 128 rollback segments are active.
2023-01-25 10:15:39 0 [Note] InnoDB: Creating shared tablespace for temporary tables
2023-01-25 10:15:39 0 [Note] InnoDB: Setting file 'C:\xampp\mysql\data\ibtmp1' size to 12 MB. Physically writing the file full; Please wait ...
2023-01-25 10:15:39 0 [Note] InnoDB: File 'C:\xampp\mysql\data\ibtmp1' size is now 12 MB.
2023-01-25 10:15:39 0 [Note] InnoDB: Waiting for purge to start
2023-01-25 10:15:39 0 [Note] InnoDB: 10.4.27 started; log sequence number 308615; transaction id 192
2023-01-25 10:15:39 0 [Note] InnoDB: Loading buffer pool(s) from C:\xampp\mysql\data\ib_buffer_pool
2023-01-25 10:15:39 0 [Note] Plugin 'FEEDBACK' is disabled.
2023-01-25 10:15:39 0 [Note] Server socket created on IP: '::'.
2023-01-25 10:15:39 0 [ERROR] Can't start server: Bind on TCP/IP port. Got error: 10048: Solo se permite un uso de cada dirección de socket (protocolo/dirección de red/puerto)

2023-01-25 10:15:39 0 [Note] InnoDB: Buffer pool(s) load completed at 230125 10:15:39
2023-01-25 10:15:39 0 [ERROR] Do you already have another mysqld server running on port: 3306 ?
2023-01-25 10:15:39 0 [ERROR] Aborting
2023-01-25 10:16:19 0 [Note] InnoDB: Mutexes and rw_locks use Windows interlocked functions
2023-01-25 10:16:19 0 [Note] InnoDB: Uses event mutexes
2023-01-25 10:16:19 0 [Note] InnoDB: Compressed tables use zlib 1.2.12
2023-01-25 10:16:19 0 [Note] InnoDB: Number of pools: 1
2023-01-25 10:16:19 0 [Note] InnoDB: Using SSE2 crc32 instructions
2023-01-25 10:16:19 0 [Note] InnoDB: Initializing buffer pool, total size = 16M, instances = 1, chunk size = 16M
2023-01-25 10:16:19 0 [Note] InnoDB: Completed initialization of buffer pool
2023-01-25 10:16:19 0 [Note] InnoDB: 128 out of 128 rollback segments are active.
2023-01-25 10:16:19 0 [Note] InnoDB: Creating shared tablespace for temporary tables
2023-01-25 10:16:19 0 [Note] InnoDB: Setting file 'C:\xampp\mysql\data\ibtmp1' size to 12 MB. Physically writing the file full; Please wait ...
2023-01-25 10:16:19 0 [Note] InnoDB: File 'C:\xampp\mysql\data\ibtmp1' size is now 12 MB.
2023-01-25 10:16:19 0 [Note] InnoDB: Waiting for purge to start
2023-01-25 10:16:19 0 [Note] InnoDB: 10.4.27 started; log sequence number 308624; transaction id 192
2023-01-25 10:16:19 0 [Note] InnoDB: Loading buffer pool(s) from C:\xampp\mysql\data\ib_buffer_pool
2023-01-25 10:16:19 0 [Note] Plugin 'FEEDBACK' is disabled.
2023-01-25 10:16:19 0 [Note] Server socket created on IP: '::'.
2023-01-25 10:16:19 0 [ERROR] Can't start server: Bind on TCP/IP port. Got error: 10048: Solo se permite un uso de cada dirección de socket (protocolo/dirección de red/puerto)

2023-01-25 10:16:19 0 [ERROR] Do you already have another mysqld server running on port: 3306 ?
2023-01-25 10:16:19 0 [Note] InnoDB: Buffer pool(s) load completed at 230125 10:16:19
2023-01-25 10:16:19 0 [ERROR] Aborting
2023-01-25 10:16:24 0 [Note] InnoDB: Mutexes and rw_locks use Windows interlocked functions
2023-01-25 10:16:24 0 [Note] InnoDB: Uses event mutexes
2023-01-25 10:16:24 0 [Note] InnoDB: Compressed tables use zlib 1.2.12
2023-01-25 10:16:24 0 [Note] InnoDB: Number of pools: 1
2023-01-25 10:16:24 0 [Note] InnoDB: Using SSE2 crc32 instructions
2023-01-25 10:16:24 0 [Note] InnoDB: Initializing buffer pool, total size = 16M, instances = 1, chunk size = 16M
2023-01-25 10:16:24 0 [Note] InnoDB: Completed initialization of buffer pool
2023-01-25 10:16:24 0 [Note] InnoDB: 128 out of 128 rollback segments are active.
2023-01-25 10:16:24 0 [Note] InnoDB: Creating shared tablespace for temporary tables
2023-01-25 10:16:24 0 [Note] InnoDB: Setting file 'C:\xampp\mysql\data\ibtmp1' size to 12 MB. Physically writing the file full; Please wait ...
2023-01-25 10:16:24 0 [Note] InnoDB: File 'C:\xampp\mysql\data\ibtmp1' size is now 12 MB.
2023-01-25 10:16:24 0 [Note] InnoDB: 10.4.27 started; log sequence number 308633; transaction id 192
2023-01-25 10:16:24 0 [Note] InnoDB: Loading buffer pool(s) from C:\xampp\mysql\data\ib_buffer_pool
2023-01-25 10:16:24 0 [Note] Plugin 'FEEDBACK' is disabled.
2023-01-25 10:16:24 0 [Note] Server socket created on IP: '::'.
2023-01-25 10:16:24 0 [ERROR] Can't start server: Bind on TCP/IP port. Got error: 10048: Solo se permite un uso de cada dirección de socket (protocolo/dirección de red/puerto)

2023-01-25 10:16:24 0 [ERROR] Do you already have another mysqld server running on port: 3306 ?
2023-01-25 10:16:24 0 [ERROR] Aborting
2023-01-25 10:16:47 0 [Note] InnoDB: Mutexes and rw_locks use Windows interlocked functions
2023-01-25 10:16:47 0 [Note] InnoDB: Uses event mutexes
2023-01-25 10:16:47 0 [Note] InnoDB: Compressed tables use zlib 1.2.12
2023-01-25 10:16:47 0 [Note] InnoDB: Number of pools: 1
2023-01-25 10:16:47 0 [Note] InnoDB: Using SSE2 crc32 instructions
2023-01-25 10:16:47 0 [Note] InnoDB: Initializing buffer pool, total size = 16M, instances = 1, chunk size = 16M
2023-01-25 10:16:47 0 [Note] InnoDB: Completed initialization of buffer pool
2023-01-25 10:16:47 0 [Note] InnoDB: 128 out of 128 rollback segments are active.
2023-01-25 10:16:47 0 [Note] InnoDB: Creating shared tablespace for temporary tables
2023-01-25 10:16:47 0 [Note] InnoDB: Setting file 'C:\xampp\mysql\data\ibtmp1' size to 12 MB. Physically writing the file full; Please wait ...
2023-01-25 10:16:47 0 [Note] InnoDB: File 'C:\xampp\mysql\data\ibtmp1' size is now 12 MB.
2023-01-25 10:16:47 0 [Note] InnoDB: Waiting for purge to start
2023-01-25 10:16:47 0 [Note] InnoDB: 10.4.27 started; log sequence number 308642; transaction id 192
2023-01-25 10:16:47 0 [Note] InnoDB: Loading buffer pool(s) from C:\xampp\mysql\data\ib_buffer_pool
2023-01-25 10:16:47 0 [Note] Plugin 'FEEDBACK' is disabled.
2023-01-25 10:16:47 0 [Note] Server socket created on IP: '::'.
2023-01-25 10:16:47 0 [ERROR] Can't start server: Bind on TCP/IP port. Got error: 10048: Solo se permite un uso de cada dirección de socket (protocolo/dirección de red/puerto)

2023-01-25 10:16:47 0 [ERROR] Do you already have another mysqld server running on port: 3306 ?
2023-01-25 10:16:47 0 [Note] InnoDB: Buffer pool(s) load completed at 230125 10:16:47
2023-01-25 10:16:47 0 [ERROR] Aborting
2023-01-25 10:17:14 0 [Note] InnoDB: Mutexes and rw_locks use Windows interlocked functions
2023-01-25 10:17:14 0 [Note] InnoDB: Uses event mutexes
2023-01-25 10:17:14 0 [Note] InnoDB: Compressed tables use zlib 1.2.12
2023-01-25 10:17:14 0 [Note] InnoDB: Number of pools: 1
2023-01-25 10:17:14 0 [Note] InnoDB: Using SSE2 crc32 instructions
2023-01-25 10:17:14 0 [Note] InnoDB: Initializing buffer pool, total size = 16M, instances = 1, chunk size = 16M
2023-01-25 10:17:14 0 [Note] InnoDB: Completed initialization of buffer pool
2023-01-25 10:17:15 0 [Note] InnoDB: 128 out of 128 rollback segments are active.
2023-01-25 10:17:15 0 [Note] InnoDB: Creating shared tablespace for temporary tables
2023-01-25 10:17:15 0 [Note] InnoDB: Setting file 'C:\xampp\mysql\data\ibtmp1' size to 12 MB. Physically writing the file full; Please wait ...
2023-01-25 10:17:15 0 [Note] InnoDB: File 'C:\xampp\mysql\data\ibtmp1' size is now 12 MB.
2023-01-25 10:17:15 0 [Note] InnoDB: Waiting for purge to start
2023-01-25 10:17:15 0 [Note] InnoDB: 10.4.27 started; log sequence number 308651; transaction id 192
2023-01-25 10:17:15 0 [Note] InnoDB: Loading buffer pool(s) from C:\xampp\mysql\data\ib_buffer_pool
2023-01-25 10:17:15 0 [Note] Plugin 'FEEDBACK' is disabled.
2023-01-25 10:17:15 0 [Note] Server socket created on IP: '::'.
2023-01-25 10:17:15 0 [ERROR] Can't start server: Bind on TCP/IP port. Got error: 10048: Solo se permite un uso de cada dirección de socket (protocolo/dirección de red/puerto)

2023-01-25 10:17:15 0 [Note] InnoDB: Buffer pool(s) load completed at 230125 10:17:15
2023-01-25 10:17:15 0 [ERROR] Do you already have another mysqld server running on port: 3306 ?
2023-01-25 10:17:15 0 [ERROR] Aborting
2023-01-25 10:17:21 0 [Note] InnoDB: Mutexes and rw_locks use Windows interlocked functions
2023-01-25 10:17:21 0 [Note] InnoDB: Uses event mutexes
2023-01-25 10:17:21 0 [Note] InnoDB: Compressed tables use zlib 1.2.12
2023-01-25 10:17:21 0 [Note] InnoDB: Number of pools: 1
2023-01-25 10:17:21 0 [Note] InnoDB: Using SSE2 crc32 instructions
2023-01-25 10:17:21 0 [Note] InnoDB: Initializing buffer pool, total size = 16M, instances = 1, chunk size = 16M
2023-01-25 10:17:21 0 [Note] InnoDB: Completed initialization of buffer pool
2023-01-25 10:17:21 0 [Note] InnoDB: 128 out of 128 rollback segments are active.
2023-01-25 10:17:21 0 [Note] InnoDB: Creating shared tablespace for temporary tables
2023-01-25 10:17:21 0 [Note] InnoDB: Setting file 'C:\xampp\mysql\data\ibtmp1' size to 12 MB. Physically writing the file full; Please wait ...
2023-01-25 10:17:21 0 [Note] InnoDB: File 'C:\xampp\mysql\data\ibtmp1' size is now 12 MB.
2023-01-25 10:17:21 0 [Note] InnoDB: Waiting for purge to start
2023-01-25 10:17:21 0 [Note] InnoDB: 10.4.27 started; log sequence number 308660; transaction id 192
2023-01-25 10:17:21 0 [Note] InnoDB: Loading buffer pool(s) from C:\xampp\mysql\data\ib_buffer_pool
2023-01-25 10:17:21 0 [Note] Plugin 'FEEDBACK' is disabled.
2023-01-25 10:17:21 0 [Note] Server socket created on IP: '::'.
2023-01-25 10:17:21 0 [ERROR] Can't start server: Bind on TCP/IP port. Got error: 10048: Solo se permite un uso de cada dirección de socket (protocolo/dirección de red/puerto)

2023-01-25 10:17:21 0 [Note] InnoDB: Buffer pool(s) load completed at 230125 10:17:21
2023-01-25 10:17:21 0 [ERROR] Do you already have another mysqld server running on port: 3306 ?
2023-01-25 10:17:21 0 [ERROR] Aborting
2023-01-25 10:19:49 0 [Note] InnoDB: Mutexes and rw_locks use Windows interlocked functions
2023-01-25 10:19:49 0 [Note] InnoDB: Uses event mutexes
2023-01-25 10:19:49 0 [Note] InnoDB: Compressed tables use zlib 1.2.12
2023-01-25 10:19:49 0 [Note] InnoDB: Number of pools: 1
2023-01-25 10:19:49 0 [Note] InnoDB: Using SSE2 crc32 instructions
2023-01-25 10:19:49 0 [Note] InnoDB: Initializing buffer pool, total size = 16M, instances = 1, chunk size = 16M
2023-01-25 10:19:49 0 [Note] InnoDB: Completed initialization of buffer pool
2023-01-25 10:19:49 0 [Note] InnoDB: 128 out of 128 rollback segments are active.
2023-01-25 10:19:49 0 [Note] InnoDB: Creating shared tablespace for temporary tables
2023-01-25 10:19:49 0 [Note] InnoDB: Setting file 'C:\xampp\mysql\data\ibtmp1' size to 12 MB. Physically writing the file full; Please wait ...
2023-01-25 10:19:49 0 [Note] InnoDB: File 'C:\xampp\mysql\data\ibtmp1' size is now 12 MB.
2023-01-25 10:19:49 0 [Note] InnoDB: Waiting for purge to start
2023-01-25 10:19:49 0 [Note] InnoDB: 10.4.27 started; log sequence number 308669; transaction id 192
2023-01-25 10:19:49 0 [Note] InnoDB: Loading buffer pool(s) from C:\xampp\mysql\data\ib_buffer_pool
2023-01-25 10:19:49 0 [Note] Plugin 'FEEDBACK' is disabled.
2023-01-25 10:19:49 0 [Note] Server socket created on IP: '::'.
2023-01-26 11:33:36 0 [Note] InnoDB: Mutexes and rw_locks use Windows interlocked functions
2023-01-26 11:33:36 0 [Note] InnoDB: Uses event mutexes
2023-01-26 11:33:36 0 [Note] InnoDB: Compressed tables use zlib 1.2.12
2023-01-26 11:33:36 0 [Note] InnoDB: Number of pools: 1
2023-01-26 11:33:36 0 [Note] InnoDB: Using SSE2 crc32 instructions
2023-01-26 11:33:36 0 [Note] InnoDB: Initializing buffer pool, total size = 16M, instances = 1, chunk size = 16M
2023-01-26 11:33:36 0 [Note] InnoDB: Completed initialization of buffer pool
2023-01-26 11:33:36 0 [Note] InnoDB: Starting crash recovery from checkpoint LSN=411494
2023-01-26 11:33:36 0 [Note] InnoDB: 128 out of 128 rollback segments are active.
2023-01-26 11:33:36 0 [Note] InnoDB: Removed temporary tablespace data file: "ibtmp1"
2023-01-26 11:33:36 0 [Note] InnoDB: Creating shared tablespace for temporary tables
2023-01-26 11:33:36 0 [Note] InnoDB: Setting file 'C:\xampp\mysql\data\ibtmp1' size to 12 MB. Physically writing the file full; Please wait ...
2023-01-26 11:33:36 0 [Note] InnoDB: File 'C:\xampp\mysql\data\ibtmp1' size is now 12 MB.
2023-01-26 11:33:36 0 [Note] InnoDB: Waiting for purge to start
2023-01-26 11:33:36 0 [Note] InnoDB: 10.4.27 started; log sequence number 411503; transaction id 458
2023-01-26 11:33:36 0 [Note] InnoDB: Loading buffer pool(s) from C:\xampp\mysql\data\ib_buffer_pool
2023-01-26 11:33:36 0 [Note] Plugin 'FEEDBACK' is disabled.
2023-01-26 11:33:36 0 [Note] InnoDB: Buffer pool(s) load completed at 230126 11:33:36
2023-01-26 11:33:36 0 [Note] Server socket created on IP: '::'.
